#
# There is insufficient memory for the Java Runtime Environment to continue.
# Native memory allocation (malloc) failed to allocate 504528 bytes for Chunk::new
# Possible reasons:
#   The system is out of physical RAM or swap space
#   The process is running with CompressedOops enabled, and the Java Heap may be blocking the growth of the native heap
# Possible solutions:
#   Reduce memory load on the system
#   Increase physical memory or swap space
#   Check if swap backing store is full
#   Decrease Java heap size (-Xmx/-Xms)
#   Decrease number of Java threads
#   Decrease Java thread stack sizes (-Xss)
#   Set larger code cache with -XX:ReservedCodeCacheSize=
#   JVM is running with Unscaled Compressed Oops mode in which the Java heap is
#     placed in the first 4GB address space. The Java Heap base address is the
#     maximum limit for the native heap growth. Please use -XX:HeapBaseMinAddress
#     to set the Java Heap base and to place the Java Heap above 4GB virtual address.
# This output file may be truncated or incomplete.
#
#  Out of Memory Error (./src/hotspot/share/memory/arena.cpp:197), pid=12804, tid=15284
#
# JRE version: OpenJDK Runtime Environment Microsoft-40648 (11.0.16.1+1) (build 11.0.16.1+1-LTS)
# Java VM: OpenJDK 64-Bit Server VM Microsoft-40648 (11.0.16.1+1-LTS, mixed mode, tiered, compressed oops, g1 gc, windows-amd64)
# No core dump will be written. Minidumps are not enabled by default on client versions of Windows
#

---------------  S U M M A R Y ------------

Command Line: -Dapplication.home=C:\Program Files\Microsoft\jdk-11.0.16.101-hotspot --add-modules=ALL-DEFAULT -Xms8m -Dfile.encoding=UTF8 -Djdk.module.main=jdk.compiler jdk.compiler/com.sun.tools.javac.Main @C:\Users\user\AppData\Local\Temp\tmpBAA7.tmp -target 1.8 -source 1.8

Host: Intel(R) Pentium(R) CPU 4417U @ 2.30GHz, 4 cores, 7G,  Windows 11 , 64 bit Build 22621 (10.0.22621.2506)
Time: Tue Jan  9 03:59:08 2024 India Standard Time elapsed time: 28.726560 seconds (0d 0h 0m 28s)

---------------  T H R E A D  ---------------

Current thread (0x0000029bb8063000):  JavaThread "C2 CompilerThread0" daemon [_thread_in_native, id=15284, stack(0x000000ac4c100000,0x000000ac4c200000)]


Current CompileTask:
C2:  28726 3462       4       com.sun.tools.javac.code.Symbol$MethodSymbol::implementation (11 bytes)

Stack: [0x000000ac4c100000,0x000000ac4c200000]
Native frames: (J=compiled Java code, j=interpreted, Vv=VM code, C=native code)
V  [jvm.dll+0x62652a]
V  [jvm.dll+0x7b3249]
V  [jvm.dll+0x7b4938]
V  [jvm.dll+0x7b5013]
V  [jvm.dll+0x24fca8]
V  [jvm.dll+0xc262c]
V  [jvm.dll+0xc2bec]
V  [jvm.dll+0x208787]
V  [jvm.dll+0x5b99e5]
V  [jvm.dll+0x5b887e]
V  [jvm.dll+0x208e77]
V  [jvm.dll+0x2080fd]
V  [jvm.dll+0x18a411]
V  [jvm.dll+0x217954]
V  [jvm.dll+0x215b9b]
V  [jvm.dll+0x775d50]
V  [jvm.dll+0x76ec84]
V  [jvm.dll+0x625395]
C  [ucrtbase.dll+0x29363]
C  [KERNEL32.DLL+0x1257d]
C  [ntdll.dll+0x5aa58]


---------------  P R O C E S S  ---------------

Threads class SMR info:
_java_thread_list=0x0000029bb9f60fa0, length=11, elements={
0x0000029b991a6800, 0x0000029bb804c000, 0x0000029bb804d800, 0x0000029bb80b9000,
0x0000029bb80ba800, 0x0000029bb80bb800, 0x0000029bb8063000, 0x0000029bb8063800,
0x0000029bb8225800, 0x0000029bb8314800, 0x0000029bb8b25800
}

Java Threads: ( => current thread )
  0x0000029b991a6800 JavaThread "main" [_thread_in_native, id=12500, stack(0x000000ac4b400000,0x000000ac4b500000)]
  0x0000029bb804c000 JavaThread "Reference Handler" daemon [_thread_blocked, id=12776, stack(0x000000ac4bc00000,0x000000ac4bd00000)]
  0x0000029bb804d800 JavaThread "Finalizer" daemon [_thread_blocked, id=7552, stack(0x000000ac4bd00000,0x000000ac4be00000)]
  0x0000029bb80b9000 JavaThread "Signal Dispatcher" daemon [_thread_blocked, id=13452, stack(0x000000ac4be00000,0x000000ac4bf00000)]
  0x0000029bb80ba800 JavaThread "Attach Listener" daemon [_thread_blocked, id=15796, stack(0x000000ac4bf00000,0x000000ac4c000000)]
  0x0000029bb80bb800 JavaThread "Service Thread" daemon [_thread_blocked, id=20020, stack(0x000000ac4c000000,0x000000ac4c100000)]
=>0x0000029bb8063000 JavaThread "C2 CompilerThread0" daemon [_thread_in_native, id=15284, stack(0x000000ac4c100000,0x000000ac4c200000)]
  0x0000029bb8063800 JavaThread "C1 CompilerThread0" daemon [_thread_blocked, id=5048, stack(0x000000ac4c200000,0x000000ac4c300000)]
  0x0000029bb8225800 JavaThread "Sweeper thread" daemon [_thread_blocked, id=12944, stack(0x000000ac4c300000,0x000000ac4c400000)]
  0x0000029bb8314800 JavaThread "Common-Cleaner" daemon [_thread_blocked, id=18708, stack(0x000000ac4c400000,0x000000ac4c500000)]
  0x0000029bb8b25800 JavaThread "C2 CompilerThread1" daemon [_thread_in_native, id=13348, stack(0x000000ac4c700000,0x000000ac4c800000)]

Other Threads:
  0x0000029bb8024800 VMThread "VM Thread" [stack: 0x000000ac4bb00000,0x000000ac4bc00000] [id=11536]
  0x0000029bb83d2800 WatcherThread [stack: 0x000000ac4c500000,0x000000ac4c600000] [id=20240]
  0x0000029b991bf800 GCTaskThread "GC Thread#0" [stack: 0x000000ac4b600000,0x000000ac4b700000] [id=12652]
  0x0000029bb843a000 GCTaskThread "GC Thread#1" [stack: 0x000000ac4c600000,0x000000ac4c700000] [id=10892]
  0x0000029b991ef000 ConcurrentGCThread "G1 Main Marker" [stack: 0x000000ac4b700000,0x000000ac4b800000] [id=6844]
  0x0000029b991f0800 ConcurrentGCThread "G1 Conc#0" [stack: 0x000000ac4b800000,0x000000ac4b900000] [id=13832]
  0x0000029b9920c000 ConcurrentGCThread "G1 Refine#0" [stack: 0x000000ac4b900000,0x000000ac4ba00000] [id=12848]
  0x0000029b9920e000 ConcurrentGCThread "G1 Young RemSet Sampling" [stack: 0x000000ac4ba00000,0x000000ac4bb00000] [id=17108]

Threads with active compile tasks:
C2 CompilerThread0    28789 3462       4       com.sun.tools.javac.code.Symbol$MethodSymbol::implementation (11 bytes)
C2 CompilerThread1    28789 3463       4       com.sun.tools.javac.code.Types$ImplementationCache::get (159 bytes)

VM state:not at safepoint (normal execution)

VM Mutex/Monitor currently owned by a thread: None

Heap address: 0x0000000082000000, size: 2016 MB, Compressed Oops mode: 32-bit
Narrow klass base: 0x0000000000000000, Narrow klass shift: 3
Compressed class space size: 1073741824 Address: 0x0000000100000000

Heap:
 garbage-first heap   total 91136K, used 40051K [0x0000000082000000, 0x0000000100000000)
  region size 1024K, 5 young (5120K), 2 survivors (2048K)
 Metaspace       used 17685K, capacity 18013K, committed 18176K, reserved 1064960K
  class space    used 1656K, capacity 1784K, committed 1792K, reserved 1048576K
Heap Regions: E=young(eden), S=young(survivor), O=old, HS=humongous(starts), HC=humongous(continues), CS=collection set, F=free, A=archive, TAMS=top-at-mark-start (previous, next)
|   0|0x0000000082000000, 0x0000000082100000, 0x0000000082100000|100%| O|  |TAMS 0x0000000082100000, 0x0000000082000000| Untracked 
|   1|0x0000000082100000, 0x0000000082200000, 0x0000000082200000|100%| O|  |TAMS 0x0000000082200000, 0x0000000082100000| Untracked 
|   2|0x0000000082200000, 0x0000000082300000, 0x0000000082300000|100%| O|  |TAMS 0x0000000082300000, 0x0000000082200000| Untracked 
|   3|0x0000000082300000, 0x0000000082400000, 0x0000000082400000|100%| O|  |TAMS 0x0000000082400000, 0x0000000082300000| Untracked 
|   4|0x0000000082400000, 0x0000000082500000, 0x0000000082500000|100%|HS|  |TAMS 0x0000000082500000, 0x0000000082400000| Complete 
|   5|0x0000000082500000, 0x0000000082600000, 0x0000000082600000|100%| O|  |TAMS 0x0000000082600000, 0x0000000082500000| Untracked 
|   6|0x0000000082600000, 0x0000000082700000, 0x0000000082700000|100%| O|  |TAMS 0x0000000082700000, 0x0000000082600000| Untracked 
|   7|0x0000000082700000, 0x0000000082800000, 0x0000000082800000|100%| O|  |TAMS 0x0000000082800000, 0x0000000082700000| Untracked 
|   8|0x0000000082800000, 0x0000000082900000, 0x0000000082900000|100%|HS|  |TAMS 0x0000000082900000, 0x0000000082800000| Complete 
|   9|0x0000000082900000, 0x0000000082a00000, 0x0000000082a00000|100%|HC|  |TAMS 0x0000000082a00000, 0x0000000082900000| Complete 
|  10|0x0000000082a00000, 0x0000000082b00000, 0x0000000082b00000|100%| O|  |TAMS 0x0000000082b00000, 0x0000000082a00000| Untracked 
|  11|0x0000000082b00000, 0x0000000082c00000, 0x0000000082c00000|100%| O|  |TAMS 0x0000000082c00000, 0x0000000082b00000| Untracked 
|  12|0x0000000082c00000, 0x0000000082d00000, 0x0000000082d00000|100%| O|  |TAMS 0x0000000082d00000, 0x0000000082c00000| Untracked 
|  13|0x0000000082d00000, 0x0000000082e00000, 0x0000000082e00000|100%|HS|  |TAMS 0x0000000082e00000, 0x0000000082d00000| Complete 
|  14|0x0000000082e00000, 0x0000000082f00000, 0x0000000082f00000|100%|HC|  |TAMS 0x0000000082f00000, 0x0000000082e00000| Complete 
|  15|0x0000000082f00000, 0x0000000083000000, 0x0000000083000000|100%| O|  |TAMS 0x0000000083000000, 0x0000000082f00000| Untracked 
|  16|0x0000000083000000, 0x0000000083100000, 0x0000000083100000|100%| O|  |TAMS 0x0000000083100000, 0x0000000083000000| Untracked 
|  17|0x0000000083100000, 0x0000000083200000, 0x0000000083200000|100%| O|  |TAMS 0x0000000083200000, 0x0000000083100000| Untracked 
|  18|0x0000000083200000, 0x0000000083300000, 0x0000000083300000|100%| O|  |TAMS 0x0000000083300000, 0x0000000083200000| Untracked 
|  19|0x0000000083300000, 0x0000000083400000, 0x0000000083400000|100%| O|  |TAMS 0x0000000083400000, 0x0000000083300000| Untracked 
|  20|0x0000000083400000, 0x0000000083500000, 0x0000000083500000|100%| O|  |TAMS 0x0000000083500000, 0x0000000083400000| Untracked 
|  21|0x0000000083500000, 0x0000000083600000, 0x0000000083600000|100%| O|  |TAMS 0x0000000083600000, 0x0000000083500000| Untracked 
|  22|0x0000000083600000, 0x0000000083700000, 0x0000000083700000|100%| O|  |TAMS 0x0000000083700000, 0x0000000083600000| Untracked 
|  23|0x0000000083700000, 0x0000000083800000, 0x0000000083800000|100%| O|  |TAMS 0x0000000083800000, 0x0000000083700000| Untracked 
|  24|0x0000000083800000, 0x0000000083900000, 0x0000000083900000|100%| O|  |TAMS 0x0000000083900000, 0x0000000083800000| Untracked 
|  25|0x0000000083900000, 0x0000000083a00000, 0x0000000083a00000|100%| O|  |TAMS 0x0000000083a00000, 0x0000000083900000| Untracked 
|  26|0x0000000083a00000, 0x0000000083b00000, 0x0000000083b00000|100%| O|  |TAMS 0x0000000083b00000, 0x0000000083a00000| Untracked 
|  27|0x0000000083b00000, 0x0000000083c00000, 0x0000000083c00000|100%| O|  |TAMS 0x0000000083c00000, 0x0000000083b00000| Untracked 
|  28|0x0000000083c00000, 0x0000000083d00000, 0x0000000083d00000|100%|HS|  |TAMS 0x0000000083d00000, 0x0000000083c00000| Complete 
|  29|0x0000000083d00000, 0x0000000083e00000, 0x0000000083e00000|100%| O|  |TAMS 0x0000000083e00000, 0x0000000083d00000| Untracked 
|  30|0x0000000083e00000, 0x0000000083f00000, 0x0000000083f00000|100%| O|  |TAMS 0x0000000083f00000, 0x0000000083e00000| Untracked 
|  31|0x0000000083f00000, 0x0000000084000000, 0x0000000084000000|100%| O|  |TAMS 0x0000000084000000, 0x0000000083f00000| Untracked 
|  32|0x0000000084000000, 0x0000000084100000, 0x0000000084100000|100%| O|  |TAMS 0x0000000084100000, 0x0000000084000000| Untracked 
|  33|0x0000000084100000, 0x0000000084200000, 0x0000000084200000|100%| O|  |TAMS 0x0000000084200000, 0x0000000084100000| Untracked 
|  34|0x0000000084200000, 0x0000000084300000, 0x0000000084300000|100%| O|  |TAMS 0x000000008421ee00, 0x0000000084200000| Untracked 
|  35|0x0000000084300000, 0x0000000084339e00, 0x0000000084400000| 22%| O|  |TAMS 0x0000000084300000, 0x0000000084300000| Untracked 
|  36|0x0000000084400000, 0x0000000084400000, 0x0000000084500000|  0%| F|  |TAMS 0x0000000084400000, 0x0000000084400000| Untracked 
|  37|0x0000000084500000, 0x0000000084500000, 0x0000000084600000|  0%| F|  |TAMS 0x0000000084500000, 0x0000000084500000| Untracked 
|  38|0x0000000084600000, 0x0000000084600000, 0x0000000084700000|  0%| F|  |TAMS 0x0000000084600000, 0x0000000084600000| Untracked 
|  39|0x0000000084700000, 0x0000000084700000, 0x0000000084800000|  0%| F|  |TAMS 0x0000000084700000, 0x0000000084700000| Untracked 
|  40|0x0000000084800000, 0x0000000084800000, 0x0000000084900000|  0%| F|  |TAMS 0x0000000084800000, 0x0000000084800000| Untracked 
|  41|0x0000000084900000, 0x0000000084900000, 0x0000000084a00000|  0%| F|  |TAMS 0x0000000084900000, 0x0000000084900000| Untracked 
|  42|0x0000000084a00000, 0x0000000084a00000, 0x0000000084b00000|  0%| F|  |TAMS 0x0000000084a00000, 0x0000000084a00000| Untracked 
|  43|0x0000000084b00000, 0x0000000084b00000, 0x0000000084c00000|  0%| F|  |TAMS 0x0000000084b00000, 0x0000000084b00000| Untracked 
|  44|0x0000000084c00000, 0x0000000084c00000, 0x0000000084d00000|  0%| F|  |TAMS 0x0000000084c00000, 0x0000000084c00000| Untracked 
|  45|0x0000000084d00000, 0x0000000084d00000, 0x0000000084e00000|  0%| F|  |TAMS 0x0000000084d00000, 0x0000000084d00000| Untracked 
|  46|0x0000000084e00000, 0x0000000084e00000, 0x0000000084f00000|  0%| F|  |TAMS 0x0000000084e00000, 0x0000000084e00000| Untracked 
|  47|0x0000000084f00000, 0x0000000084f00000, 0x0000000085000000|  0%| F|  |TAMS 0x0000000084f00000, 0x0000000084f00000| Untracked 
|  48|0x0000000085000000, 0x0000000085000000, 0x0000000085100000|  0%| F|  |TAMS 0x0000000085000000, 0x0000000085000000| Untracked 
|  49|0x0000000085100000, 0x0000000085100000, 0x0000000085200000|  0%| F|  |TAMS 0x0000000085100000, 0x0000000085100000| Untracked 
|  50|0x0000000085200000, 0x0000000085200000, 0x0000000085300000|  0%| F|  |TAMS 0x0000000085200000, 0x0000000085200000| Untracked 
|  51|0x0000000085300000, 0x0000000085300000, 0x0000000085400000|  0%| F|  |TAMS 0x0000000085300000, 0x0000000085300000| Untracked 
|  52|0x0000000085400000, 0x0000000085400000, 0x0000000085500000|  0%| F|  |TAMS 0x0000000085400000, 0x0000000085400000| Untracked 
|  53|0x0000000085500000, 0x0000000085500000, 0x0000000085600000|  0%| F|  |TAMS 0x0000000085500000, 0x0000000085500000| Untracked 
|  54|0x0000000085600000, 0x0000000085600000, 0x0000000085700000|  0%| F|  |TAMS 0x0000000085600000, 0x0000000085600000| Untracked 
|  55|0x0000000085700000, 0x0000000085700000, 0x0000000085800000|  0%| F|  |TAMS 0x0000000085700000, 0x0000000085700000| Untracked 
|  56|0x0000000085800000, 0x0000000085800000, 0x0000000085900000|  0%| F|  |TAMS 0x0000000085800000, 0x0000000085800000| Untracked 
|  57|0x0000000085900000, 0x0000000085900000, 0x0000000085a00000|  0%| F|  |TAMS 0x0000000085900000, 0x0000000085900000| Untracked 
|  58|0x0000000085a00000, 0x0000000085a00000, 0x0000000085b00000|  0%| F|  |TAMS 0x0000000085a00000, 0x0000000085a00000| Untracked 
|  59|0x0000000085b00000, 0x0000000085b00000, 0x0000000085c00000|  0%| F|  |TAMS 0x0000000085b00000, 0x0000000085b00000| Untracked 
|  60|0x0000000085c00000, 0x0000000085c00000, 0x0000000085d00000|  0%| F|  |TAMS 0x0000000085c00000, 0x0000000085c00000| Untracked 
|  61|0x0000000085d00000, 0x0000000085d00000, 0x0000000085e00000|  0%| F|  |TAMS 0x0000000085d00000, 0x0000000085d00000| Untracked 
|  62|0x0000000085e00000, 0x0000000085e00000, 0x0000000085f00000|  0%| F|  |TAMS 0x0000000085e00000, 0x0000000085e00000| Untracked 
|  63|0x0000000085f00000, 0x0000000085f00000, 0x0000000086000000|  0%| F|  |TAMS 0x0000000085f00000, 0x0000000085f00000| Untracked 
|  64|0x0000000086000000, 0x0000000086000000, 0x0000000086100000|  0%| F|  |TAMS 0x0000000086000000, 0x0000000086000000| Untracked 
|  65|0x0000000086100000, 0x0000000086100000, 0x0000000086200000|  0%| F|  |TAMS 0x0000000086100000, 0x0000000086100000| Untracked 
|  66|0x0000000086200000, 0x0000000086200000, 0x0000000086300000|  0%| F|  |TAMS 0x0000000086200000, 0x0000000086200000| Untracked 
|  67|0x0000000086300000, 0x0000000086300000, 0x0000000086400000|  0%| F|  |TAMS 0x0000000086300000, 0x0000000086300000| Untracked 
|  68|0x0000000086400000, 0x0000000086400000, 0x0000000086500000|  0%| F|  |TAMS 0x0000000086400000, 0x0000000086400000| Untracked 
|  69|0x0000000086500000, 0x0000000086500000, 0x0000000086600000|  0%| F|  |TAMS 0x0000000086500000, 0x0000000086500000| Untracked 
|  70|0x0000000086600000, 0x0000000086600000, 0x0000000086700000|  0%| F|  |TAMS 0x0000000086600000, 0x0000000086600000| Untracked 
|  71|0x0000000086700000, 0x00000000867e30d0, 0x0000000086800000| 88%| S|CS|TAMS 0x0000000086700000, 0x0000000086700000| Complete 
|  72|0x0000000086800000, 0x0000000086900000, 0x0000000086900000|100%| S|CS|TAMS 0x0000000086800000, 0x0000000086800000| Complete 
|  73|0x0000000086900000, 0x0000000086900000, 0x0000000086a00000|  0%| F|  |TAMS 0x0000000086900000, 0x0000000086900000| Untracked 
|  74|0x0000000086a00000, 0x0000000086a00000, 0x0000000086b00000|  0%| F|  |TAMS 0x0000000086a00000, 0x0000000086a00000| Untracked 
|  75|0x0000000086b00000, 0x0000000086b00000, 0x0000000086c00000|  0%| F|  |TAMS 0x0000000086b00000, 0x0000000086b00000| Untracked 
|  76|0x0000000086c00000, 0x0000000086c00000, 0x0000000086d00000|  0%| F|  |TAMS 0x0000000086c00000, 0x0000000086c00000| Untracked 
|  77|0x0000000086d00000, 0x0000000086d00000, 0x0000000086e00000|  0%| F|  |TAMS 0x0000000086d00000, 0x0000000086d00000| Untracked 
|  78|0x0000000086e00000, 0x0000000086e00000, 0x0000000086f00000|  0%| F|  |TAMS 0x0000000086e00000, 0x0000000086e00000| Untracked 
|  79|0x0000000086f00000, 0x0000000086f00000, 0x0000000087000000|  0%| F|  |TAMS 0x0000000086f00000, 0x0000000086f00000| Untracked 
|  80|0x0000000087000000, 0x0000000087000000, 0x0000000087100000|  0%| F|  |TAMS 0x0000000087000000, 0x0000000087000000| Untracked 
|  81|0x0000000087100000, 0x0000000087100000, 0x0000000087200000|  0%| F|  |TAMS 0x0000000087100000, 0x0000000087100000| Untracked 
|  82|0x0000000087200000, 0x0000000087200000, 0x0000000087300000|  0%| F|  |TAMS 0x0000000087200000, 0x0000000087200000| Untracked 
|  83|0x0000000087300000, 0x0000000087300000, 0x0000000087400000|  0%| F|  |TAMS 0x0000000087300000, 0x0000000087300000| Untracked 
|  84|0x0000000087400000, 0x0000000087400000, 0x0000000087500000|  0%| F|  |TAMS 0x0000000087400000, 0x0000000087400000| Untracked 
|  85|0x0000000087500000, 0x0000000087500000, 0x0000000087600000|  0%| F|  |TAMS 0x0000000087500000, 0x0000000087500000| Untracked 
|  86|0x0000000087600000, 0x000000008766b068, 0x0000000087700000| 41%| E|  |TAMS 0x0000000087600000, 0x0000000087600000| Complete 
|  87|0x0000000087700000, 0x0000000087800000, 0x0000000087800000|100%| E|CS|TAMS 0x0000000087700000, 0x0000000087700000| Complete 
|  88|0x0000000087800000, 0x0000000087900000, 0x0000000087900000|100%| E|CS|TAMS 0x0000000087800000, 0x0000000087800000| Complete 

Card table byte_map: [0x0000029bb0cf0000,0x0000029bb10e0000] _byte_map_base: 0x0000029bb08e0000

Marking Bits (Prev, Next): (CMBitMap*) 0x0000029b991e66b8, (CMBitMap*) 0x0000029b991e66f0
 Prev Bits: [0x0000029bb14d0000, 0x0000029bb3450000)
 Next Bits: [0x0000029bb3450000, 0x0000029bb53d0000)

Polling page: 0x0000029b98980000

Metaspace:

Usage:
  Non-class:     15.85 MB capacity,    15.65 MB ( 99%) used,   168.46 KB (  1%) free+waste,    32.19 KB ( <1%) overhead. 
      Class:      1.74 MB capacity,     1.62 MB ( 93%) used,   114.12 KB (  6%) free+waste,    13.19 KB ( <1%) overhead. 
       Both:     17.59 MB capacity,    17.27 MB ( 98%) used,   282.58 KB (  2%) free+waste,    45.38 KB ( <1%) overhead. 

Virtual space:
  Non-class space:       16.00 MB reserved,      16.00 MB (100%) committed 
      Class space:        1.00 GB reserved,       1.75 MB ( <1%) committed 
             Both:        1.02 GB reserved,      17.75 MB (  2%) committed 

Chunk freelists:
   Non-Class:  27.00 KB
       Class:  8.00 KB
        Both:  35.00 KB

MaxMetaspaceSize: 17179869184.00 GB
CompressedClassSpaceSize: 1.00 GB
Initial GC threshold: 20.80 MB
Current GC threshold: 27.09 MB
CDS: off

CodeHeap 'non-profiled nmethods': size=120064Kb used=2411Kb max_used=2411Kb free=117652Kb
 bounds [0x0000029ba93c0000, 0x0000029ba9630000, 0x0000029bb0900000]
CodeHeap 'profiled nmethods': size=120000Kb used=8926Kb max_used=8926Kb free=111074Kb
 bounds [0x0000029ba1e90000, 0x0000029ba2750000, 0x0000029ba93c0000]
CodeHeap 'non-nmethods': size=5696Kb used=1147Kb max_used=1188Kb free=4548Kb
 bounds [0x0000029ba1900000, 0x0000029ba1b70000, 0x0000029ba1e90000]
 total_blobs=3859 nmethods=3454 adapters=317
 compilation: enabled
              stopped_count=0, restarted_count=0
 full_count=0

Compilation events (20 events):
Event: 28.573 Thread 0x0000029bb8063800 3483       3       com.sun.tools.javac.comp.TransTypes::visitApply (253 bytes)
Event: 28.578 Thread 0x0000029bb8063800 nmethod 3483 0x0000029ba272df10 code [0x0000029ba272e400, 0x0000029ba27312d8]
Event: 28.592 Thread 0x0000029bb8b25800 nmethod 3472 0x0000029ba9618610 code [0x0000029ba9618860, 0x0000029ba9619060]
Event: 28.592 Thread 0x0000029bb8b25800 3485       4       com.sun.tools.javac.code.Types$12::visitClassType (10 bytes)
Event: 28.604 Thread 0x0000029bb8063800 3486       3       com.sun.tools.javac.code.Types$DefaultTypeVisitor::visitClassType (7 bytes)
Event: 28.604 Thread 0x0000029bb8063800 nmethod 3486 0x0000029ba2732190 code [0x0000029ba2732340, 0x0000029ba27324e8]
Event: 28.605 Thread 0x0000029bb8063800 3487       3       com.sun.tools.javac.comp.Lower::boxArgs (297 bytes)
Event: 28.609 Thread 0x0000029bb8063800 nmethod 3487 0x0000029ba2732590 code [0x0000029ba2732a00, 0x0000029ba2734f18]
Event: 28.613 Thread 0x0000029bb8063800 3488       3       com.sun.tools.javac.comp.Lower::visitApply (517 bytes)
Event: 28.614 Thread 0x0000029bb8b25800 nmethod 3485 0x0000029ba9619a10 code [0x0000029ba9619c20, 0x0000029ba961a268]
Event: 28.614 Thread 0x0000029bb8b25800 3477       4       com.sun.tools.javac.code.Symbol::isConstructor (26 bytes)
Event: 28.616 Thread 0x0000029bb8b25800 nmethod 3477 0x0000029ba961a990 code [0x0000029ba961ab20, 0x0000029ba961abd8]
Event: 28.617 Thread 0x0000029bb8b25800 3463       4       com.sun.tools.javac.code.Types$ImplementationCache::get (159 bytes)
Event: 28.622 Thread 0x0000029bb8063800 nmethod 3488 0x0000029ba2735b10 code [0x0000029ba27361c0, 0x0000029ba273a848]
Event: 28.622 Thread 0x0000029bb8063800 3489       3       com.sun.tools.javac.jvm.Code::emitop0 (2589 bytes)
Event: 28.637 Thread 0x0000029bb8063800 nmethod 3489 0x0000029ba273be10 code [0x0000029ba273cc80, 0x0000029ba2743748]
Event: 28.637 Thread 0x0000029bb8063800 3491       3       com.sun.tools.javac.jvm.Gen::genArgs (52 bytes)
Event: 28.638 Thread 0x0000029bb8063800 nmethod 3491 0x0000029ba2746710 code [0x0000029ba2746940, 0x0000029ba27471b8]
Event: 28.638 Thread 0x0000029bb8063800 3490       3       com.sun.tools.javac.tree.JCTree$JCParens::getTag (4 bytes)
Event: 28.638 Thread 0x0000029bb8063800 nmethod 3490 0x0000029ba2747490 code [0x0000029ba2747640, 0x0000029ba2747758]

GC Heap History (20 events):
Event: 15.892 GC heap before
{Heap before GC invocations=51 (full 0):
 garbage-first heap   total 35840K, used 27600K [0x0000000082000000, 0x0000000100000000)
  region size 1024K, 2 young (2048K), 1 survivors (1024K)
 Metaspace       used 15780K, capacity 16124K, committed 16384K, reserved 1064960K
  class space    used 1555K, capacity 1695K, committed 1792K, reserved 1048576K
}
Event: 15.900 GC heap after
{Heap after GC invocations=52 (full 0):
 garbage-first heap   total 44032K, used 27681K [0x0000000082000000, 0x0000000100000000)
  region size 1024K, 1 young (1024K), 1 survivors (1024K)
 Metaspace       used 15780K, capacity 16124K, committed 16384K, reserved 1064960K
  class space    used 1555K, capacity 1695K, committed 1792K, reserved 1048576K
}
Event: 15.998 GC heap before
{Heap before GC invocations=52 (full 0):
 garbage-first heap   total 44032K, used 29729K [0x0000000082000000, 0x0000000100000000)
  region size 1024K, 4 young (4096K), 1 survivors (1024K)
 Metaspace       used 15834K, capacity 16188K, committed 16384K, reserved 1064960K
  class space    used 1556K, capacity 1695K, committed 1792K, reserved 1048576K
}
Event: 16.006 GC heap after
{Heap after GC invocations=53 (full 0):
 garbage-first heap   total 44032K, used 28902K [0x0000000082000000, 0x0000000100000000)
  region size 1024K, 1 young (1024K), 1 survivors (1024K)
 Metaspace       used 15834K, capacity 16188K, committed 16384K, reserved 1064960K
  class space    used 1556K, capacity 1695K, committed 1792K, reserved 1048576K
}
Event: 16.304 GC heap before
{Heap before GC invocations=54 (full 0):
 garbage-first heap   total 44032K, used 32998K [0x0000000082000000, 0x0000000100000000)
  region size 1024K, 4 young (4096K), 1 survivors (1024K)
 Metaspace       used 15937K, capacity 16254K, committed 16384K, reserved 1064960K
  class space    used 1556K, capacity 1695K, committed 1792K, reserved 1048576K
}
Event: 16.313 GC heap after
{Heap after GC invocations=55 (full 0):
 garbage-first heap   total 44032K, used 30899K [0x0000000082000000, 0x0000000100000000)
  region size 1024K, 1 young (1024K), 1 survivors (1024K)
 Metaspace       used 15937K, capacity 16254K, committed 16384K, reserved 1064960K
  class space    used 1556K, capacity 1695K, committed 1792K, reserved 1048576K
}
Event: 16.580 GC heap before
{Heap before GC invocations=55 (full 0):
 garbage-first heap   total 44032K, used 32947K [0x0000000082000000, 0x0000000100000000)
  region size 1024K, 3 young (3072K), 1 survivors (1024K)
 Metaspace       used 16013K, capacity 16320K, committed 16640K, reserved 1064960K
  class space    used 1556K, capacity 1695K, committed 1792K, reserved 1048576K
}
Event: 16.587 GC heap after
{Heap after GC invocations=56 (full 0):
 garbage-first heap   total 44032K, used 31486K [0x0000000082000000, 0x0000000100000000)
  region size 1024K, 1 young (1024K), 1 survivors (1024K)
 Metaspace       used 16013K, capacity 16320K, committed 16640K, reserved 1064960K
  class space    used 1556K, capacity 1695K, committed 1792K, reserved 1048576K
}
Event: 16.806 GC heap before
{Heap before GC invocations=57 (full 0):
 garbage-first heap   total 44032K, used 33534K [0x0000000082000000, 0x0000000100000000)
  region size 1024K, 3 young (3072K), 1 survivors (1024K)
 Metaspace       used 16046K, capacity 16392K, committed 16640K, reserved 1064960K
  class space    used 1556K, capacity 1695K, committed 1792K, reserved 1048576K
}
Event: 16.813 GC heap after
{Heap after GC invocations=58 (full 0):
 garbage-first heap   total 58368K, used 31878K [0x0000000082000000, 0x0000000100000000)
  region size 1024K, 1 young (1024K), 1 survivors (1024K)
 Metaspace       used 16046K, capacity 16392K, committed 16640K, reserved 1064960K
  class space    used 1556K, capacity 1695K, committed 1792K, reserved 1048576K
}
Event: 17.314 GC heap before
{Heap before GC invocations=58 (full 0):
 garbage-first heap   total 58368K, used 38022K [0x0000000082000000, 0x0000000100000000)
  region size 1024K, 8 young (8192K), 1 survivors (1024K)
 Metaspace       used 16084K, capacity 16392K, committed 16640K, reserved 1064960K
  class space    used 1556K, capacity 1695K, committed 1792K, reserved 1048576K
}
Event: 17.325 GC heap after
{Heap after GC invocations=59 (full 0):
 garbage-first heap   total 58368K, used 33315K [0x0000000082000000, 0x0000000100000000)
  region size 1024K, 1 young (1024K), 1 survivors (1024K)
 Metaspace       used 16084K, capacity 16392K, committed 16640K, reserved 1064960K
  class space    used 1556K, capacity 1695K, committed 1792K, reserved 1048576K
}
Event: 17.761 GC heap before
{Heap before GC invocations=60 (full 0):
 garbage-first heap   total 58368K, used 40483K [0x0000000082000000, 0x0000000100000000)
  region size 1024K, 8 young (8192K), 1 survivors (1024K)
 Metaspace       used 16141K, capacity 16458K, committed 16640K, reserved 1064960K
  class space    used 1559K, capacity 1695K, committed 1792K, reserved 1048576K
}
Event: 17.775 GC heap after
{Heap after GC invocations=61 (full 0):
 garbage-first heap   total 58368K, used 34709K [0x0000000082000000, 0x0000000100000000)
  region size 1024K, 1 young (1024K), 1 survivors (1024K)
 Metaspace       used 16141K, capacity 16458K, committed 16640K, reserved 1064960K
  class space    used 1559K, capacity 1695K, committed 1792K, reserved 1048576K
}
Event: 18.079 GC heap before
{Heap before GC invocations=61 (full 0):
 garbage-first heap   total 58368K, used 41877K [0x0000000082000000, 0x0000000100000000)
  region size 1024K, 8 young (8192K), 1 survivors (1024K)
 Metaspace       used 16160K, capacity 16458K, committed 16640K, reserved 1064960K
  class space    used 1559K, capacity 1695K, committed 1792K, reserved 1048576K
}
Event: 18.090 GC heap after
{Heap after GC invocations=62 (full 0):
 garbage-first heap   total 58368K, used 35963K [0x0000000082000000, 0x0000000100000000)
  region size 1024K, 1 young (1024K), 1 survivors (1024K)
 Metaspace       used 16160K, capacity 16458K, committed 16640K, reserved 1064960K
  class space    used 1559K, capacity 1695K, committed 1792K, reserved 1048576K
}
Event: 20.616 GC heap before
{Heap before GC invocations=63 (full 0):
 garbage-first heap   total 58368K, used 43131K [0x0000000082000000, 0x0000000100000000)
  region size 1024K, 8 young (8192K), 1 survivors (1024K)
 Metaspace       used 17270K, capacity 17561K, committed 17664K, reserved 1064960K
  class space    used 1655K, capacity 1784K, committed 1792K, reserved 1048576K
}
Event: 20.630 GC heap after
{Heap after GC invocations=64 (full 0):
 garbage-first heap   total 91136K, used 36989K [0x0000000082000000, 0x0000000100000000)
  region size 1024K, 1 young (1024K), 1 survivors (1024K)
 Metaspace       used 17270K, capacity 17561K, committed 17664K, reserved 1064960K
  class space    used 1655K, capacity 1784K, committed 1792K, reserved 1048576K
}
Event: 28.530 GC heap before
{Heap before GC invocations=64 (full 0):
 garbage-first heap   total 91136K, used 53373K [0x0000000082000000, 0x0000000100000000)
  region size 1024K, 17 young (17408K), 1 survivors (1024K)
 Metaspace       used 17666K, capacity 18013K, committed 18176K, reserved 1064960K
  class space    used 1656K, capacity 1784K, committed 1792K, reserved 1048576K
}
Event: 28.548 GC heap after
{Heap after GC invocations=65 (full 0):
 garbage-first heap   total 91136K, used 38003K [0x0000000082000000, 0x0000000100000000)
  region size 1024K, 2 young (2048K), 2 survivors (2048K)
 Metaspace       used 17666K, capacity 18013K, committed 18176K, reserved 1064960K
  class space    used 1656K, capacity 1784K, committed 1792K, reserved 1048576K
}

Deoptimization events (20 events):
Event: 27.275 Thread 0x0000029b991a6800 Uncommon trap: trap_request=0xffffffde fr.pc=0x0000029ba95d8228 relative=0x00000000000010a8
Event: 27.275 Thread 0x0000029b991a6800 Uncommon trap: reason=class_check action=maybe_recompile pc=0x0000029ba95d8228 method=com.sun.tools.javac.comp.Lower$1.checkConflicts(Lcom/sun/tools/javac/util/JCDiagnostic$DiagnosticPosition;Lcom/sun/tools/javac/code/Symbol;Lcom/sun/tools/javac/code/Symb
Event: 27.282 Thread 0x0000029b991a6800 DEOPT PACKING pc=0x0000029ba95d8228 sp=0x000000ac4b4febe0
Event: 27.283 Thread 0x0000029b991a6800 DEOPT UNPACKING pc=0x0000029ba194a1a9 sp=0x000000ac4b4febc8 mode 2
Event: 27.283 Thread 0x0000029b991a6800 Uncommon trap: trap_request=0xffffffde fr.pc=0x0000029ba95d8228 relative=0x00000000000010a8
Event: 27.283 Thread 0x0000029b991a6800 Uncommon trap: reason=class_check action=maybe_recompile pc=0x0000029ba95d8228 method=com.sun.tools.javac.comp.Lower$1.checkConflicts(Lcom/sun/tools/javac/util/JCDiagnostic$DiagnosticPosition;Lcom/sun/tools/javac/code/Symbol;Lcom/sun/tools/javac/code/Symb
Event: 27.283 Thread 0x0000029b991a6800 DEOPT PACKING pc=0x0000029ba95d8228 sp=0x000000ac4b4febe0
Event: 27.283 Thread 0x0000029b991a6800 DEOPT UNPACKING pc=0x0000029ba194a1a9 sp=0x000000ac4b4febc8 mode 2
Event: 28.175 Thread 0x0000029b991a6800 Uncommon trap: trap_request=0xffffffde fr.pc=0x0000029ba953a988 relative=0x00000000000001c8
Event: 28.175 Thread 0x0000029b991a6800 Uncommon trap: reason=class_check action=maybe_recompile pc=0x0000029ba953a988 method=com.sun.tools.javac.code.Scope$ScopeListenerList.walkReferences(Lcom/sun/tools/javac/code/Symbol;Lcom/sun/tools/javac/code/Scope;Z)V @ 20 c2
Event: 28.175 Thread 0x0000029b991a6800 DEOPT PACKING pc=0x0000029ba953a988 sp=0x000000ac4b4feaf0
Event: 28.175 Thread 0x0000029b991a6800 DEOPT UNPACKING pc=0x0000029ba194a1a9 sp=0x000000ac4b4fea28 mode 2
Event: 28.195 Thread 0x0000029b991a6800 Uncommon trap: trap_request=0xffffff4d fr.pc=0x0000029ba9610630 relative=0x0000000000001750
Event: 28.196 Thread 0x0000029b991a6800 Uncommon trap: reason=unstable_if action=reinterpret pc=0x0000029ba9610630 method=com.sun.tools.javac.jvm.Code.emitop0(I)V @ 14 c2
Event: 28.196 Thread 0x0000029b991a6800 DEOPT PACKING pc=0x0000029ba9610630 sp=0x000000ac4b4fe530
Event: 28.196 Thread 0x0000029b991a6800 DEOPT UNPACKING pc=0x0000029ba194a1a9 sp=0x000000ac4b4fe500 mode 2
Event: 28.453 Thread 0x0000029b991a6800 Uncommon trap: trap_request=0xffffffde fr.pc=0x0000029ba95e301c relative=0x000000000000041c
Event: 28.453 Thread 0x0000029b991a6800 Uncommon trap: reason=class_check action=maybe_recompile pc=0x0000029ba95e301c method=com.sun.tools.javac.code.Types.isAssignable(Lcom/sun/tools/javac/code/Type;Lcom/sun/tools/javac/code/Type;Lcom/sun/tools/javac/util/Warner;)Z @ 26 c2
Event: 28.453 Thread 0x0000029b991a6800 DEOPT PACKING pc=0x0000029ba95e301c sp=0x000000ac4b4fd0a0
Event: 28.453 Thread 0x0000029b991a6800 DEOPT UNPACKING pc=0x0000029ba194a1a9 sp=0x000000ac4b4fd038 mode 2

Classes redefined (0 events):
No events

Internal exceptions (20 events):
Event: 26.189 Thread 0x0000029b991a6800 Exception <a 'sun/nio/fs/WindowsException'{0x00000000871a3c90}> (0x00000000871a3c90) thrown at [./src/hotspot/share/prims/jni.cpp, line 617]
Event: 26.192 Thread 0x0000029b991a6800 Exception <a 'sun/nio/fs/WindowsException'{0x00000000871ab370}> (0x00000000871ab370) thrown at [./src/hotspot/share/prims/jni.cpp, line 617]
Event: 26.195 Thread 0x0000029b991a6800 Exception <a 'sun/nio/fs/WindowsException'{0x00000000871b6630}> (0x00000000871b6630) thrown at [./src/hotspot/share/prims/jni.cpp, line 617]
Event: 26.198 Thread 0x0000029b991a6800 Exception <a 'sun/nio/fs/WindowsException'{0x00000000871bd2d8}> (0x00000000871bd2d8) thrown at [./src/hotspot/share/prims/jni.cpp, line 617]
Event: 26.275 Thread 0x0000029b991a6800 Exception <a 'sun/nio/fs/WindowsException'{0x00000000871c4f90}> (0x00000000871c4f90) thrown at [./src/hotspot/share/prims/jni.cpp, line 617]
Event: 26.278 Thread 0x0000029b991a6800 Exception <a 'sun/nio/fs/WindowsException'{0x00000000871c81f8}> (0x00000000871c81f8) thrown at [./src/hotspot/share/prims/jni.cpp, line 617]
Event: 26.280 Thread 0x0000029b991a6800 Exception <a 'sun/nio/fs/WindowsException'{0x00000000871cae50}> (0x00000000871cae50) thrown at [./src/hotspot/share/prims/jni.cpp, line 617]
Event: 26.349 Thread 0x0000029b991a6800 Exception <a 'sun/nio/fs/WindowsException'{0x00000000871cf500}> (0x00000000871cf500) thrown at [./src/hotspot/share/prims/jni.cpp, line 617]
Event: 26.358 Thread 0x0000029b991a6800 Exception <a 'sun/nio/fs/WindowsException'{0x00000000871d35b8}> (0x00000000871d35b8) thrown at [./src/hotspot/share/prims/jni.cpp, line 617]
Event: 26.379 Thread 0x0000029b991a6800 Exception <a 'sun/nio/fs/WindowsException'{0x000000008700d290}> (0x000000008700d290) thrown at [./src/hotspot/share/prims/jni.cpp, line 617]
Event: 26.626 Thread 0x0000029b991a6800 Exception <a 'sun/nio/fs/WindowsException'{0x00000000870284a8}> (0x00000000870284a8) thrown at [./src/hotspot/share/prims/jni.cpp, line 617]
Event: 26.642 Thread 0x0000029b991a6800 Exception <a 'sun/nio/fs/WindowsException'{0x000000008704c6e8}> (0x000000008704c6e8) thrown at [./src/hotspot/share/prims/jni.cpp, line 617]
Event: 26.642 Thread 0x0000029b991a6800 Exception <a 'sun/nio/fs/WindowsException'{0x000000008704cc38}> (0x000000008704cc38) thrown at [./src/hotspot/share/prims/jni.cpp, line 617]
Event: 27.287 Thread 0x0000029b991a6800 Exception <a 'sun/nio/fs/WindowsException'{0x0000000086a561d0}> (0x0000000086a561d0) thrown at [./src/hotspot/share/prims/jni.cpp, line 617]
Event: 27.289 Thread 0x0000029b991a6800 Exception <a 'sun/nio/fs/WindowsException'{0x0000000086a56720}> (0x0000000086a56720) thrown at [./src/hotspot/share/prims/jni.cpp, line 617]
Event: 28.188 Thread 0x0000029b991a6800 Exception <a 'sun/nio/fs/WindowsException'{0x0000000086a63310}> (0x0000000086a63310) thrown at [./src/hotspot/share/prims/jni.cpp, line 617]
Event: 28.188 Thread 0x0000029b991a6800 Exception <a 'sun/nio/fs/WindowsException'{0x0000000086a63860}> (0x0000000086a63860) thrown at [./src/hotspot/share/prims/jni.cpp, line 617]
Event: 28.197 Thread 0x0000029b991a6800 Exception <a 'sun/nio/fs/WindowsException'{0x0000000086a71b10}> (0x0000000086a71b10) thrown at [./src/hotspot/share/prims/jni.cpp, line 617]
Event: 28.348 Thread 0x0000029b991a6800 Exception <a 'sun/nio/fs/WindowsException'{0x0000000086ade180}> (0x0000000086ade180) thrown at [./src/hotspot/share/prims/jni.cpp, line 617]
Event: 28.623 Thread 0x0000029b991a6800 Exception <a 'sun/nio/fs/WindowsException'{0x0000000087655138}> (0x0000000087655138) thrown at [./src/hotspot/share/prims/jni.cpp, line 617]

Events (20 events):
Event: 19.980 loading class com/sun/tools/javac/util/ListBuffer
Event: 19.980 loading class com/sun/tools/javac/util/ListBuffer done
Event: 20.063 loading class com/sun/tools/javac/util/ListBuffer
Event: 20.063 loading class com/sun/tools/javac/util/ListBuffer done
Event: 20.063 loading class com/sun/tools/javac/util/List
Event: 20.063 loading class com/sun/tools/javac/util/List done
Event: 20.064 loading class com/sun/tools/javac/util/ListBuffer
Event: 20.064 loading class com/sun/tools/javac/util/ListBuffer done
Event: 20.490 Executing VM operation: ICBufferFull
Event: 20.490 Executing VM operation: ICBufferFull done
Event: 20.615 Executing VM operation: G1CollectForAllocation
Event: 20.630 Executing VM operation: G1CollectForAllocation done
Event: 20.969 Thread 0x0000029bb95c8800 Thread exited: 0x0000029bb95c8800
Event: 24.179 Thread 0x0000029bb9b23800 Thread added: 0x0000029bb9b23800
Event: 24.627 Thread 0x0000029bb9b23800 Thread exited: 0x0000029bb9b23800
Event: 26.719 Thread 0x0000029bb9755000 Thread added: 0x0000029bb9755000
Event: 27.173 Thread 0x0000029bb9755000 Thread exited: 0x0000029bb9755000
Event: 28.463 Thread 0x0000029bb8b25800 Thread added: 0x0000029bb8b25800
Event: 28.477 Executing VM operation: G1CollectForAllocation
Event: 28.548 Executing VM operation: G1CollectForAllocation done


Dynamic libraries:
0x00007ff70edb0000 - 0x00007ff70edb7000 	C:\Program Files\Microsoft\jdk-11.0.16.101-hotspot\bin\javac.exe
0x00007ffe8b450000 - 0x00007ffe8b667000 	C:\WINDOWS\SYSTEM32\ntdll.dll
0x00007ffe89e70000 - 0x00007ffe89f34000 	C:\WINDOWS\System32\KERNEL32.DLL
0x00007ffe88a30000 - 0x00007ffe88dd6000 	C:\WINDOWS\System32\KERNELBASE.dll
0x00007ffe88860000 - 0x00007ffe88971000 	C:\WINDOWS\System32\ucrtbase.dll
0x00007ffe56dd0000 - 0x00007ffe56de7000 	C:\Program Files\Microsoft\jdk-11.0.16.101-hotspot\bin\jli.dll
0x00007ffe891a0000 - 0x00007ffe8934e000 	C:\WINDOWS\System32\USER32.dll
0x00007ffe88a00000 - 0x00007ffe88a26000 	C:\WINDOWS\System32\win32u.dll
0x00007ffe8b2f0000 - 0x00007ffe8b319000 	C:\WINDOWS\System32\GDI32.dll
0x00007ffe88de0000 - 0x00007ffe88ef8000 	C:\WINDOWS\System32\gdi32full.dll
0x00007ffe887c0000 - 0x00007ffe8885a000 	C:\WINDOWS\System32\msvcp_win.dll
0x00007ffe56db0000 - 0x00007ffe56dc5000 	C:\Program Files\Microsoft\jdk-11.0.16.101-hotspot\bin\VCRUNTIME140.dll
0x00007ffe715c0000 - 0x00007ffe71853000 	C:\WINDOWS\WinSxS\amd64_microsoft.windows.common-controls_6595b64144ccf1df_6.0.22621.2506_none_270c5ae97388e100\COMCTL32.dll
0x00007ffe8b360000 - 0x00007ffe8b407000 	C:\WINDOWS\System32\msvcrt.dll
0x00007ffe8b320000 - 0x00007ffe8b351000 	C:\WINDOWS\System32\IMM32.DLL
0x00007ffded030000 - 0x00007ffded0cb000 	C:\Program Files\Microsoft\jdk-11.0.16.101-hotspot\bin\msvcp140.dll
0x00007ffdb3bd0000 - 0x00007ffdb475a000 	C:\Program Files\Microsoft\jdk-11.0.16.101-hotspot\bin\server\jvm.dll
0x00007ffe893f0000 - 0x00007ffe894a1000 	C:\WINDOWS\System32\ADVAPI32.dll
0x00007ffe89dc0000 - 0x00007ffe89e65000 	C:\WINDOWS\System32\sechost.dll
0x00007ffe8a450000 - 0x00007ffe8a567000 	C:\WINDOWS\System32\RPCRT4.dll
0x00007ffe89540000 - 0x00007ffe89548000 	C:\WINDOWS\System32\PSAPI.DLL
0x00007ffe71300000 - 0x00007ffe71309000 	C:\WINDOWS\SYSTEM32\WSOCK32.dll
0x00007ffe89370000 - 0x00007ffe893e1000 	C:\WINDOWS\System32\WS2_32.dll
0x00007ffe80de0000 - 0x00007ffe80e14000 	C:\WINDOWS\SYSTEM32\WINMM.dll
0x00007ffe80ce0000 - 0x00007ffe80cea000 	C:\WINDOWS\SYSTEM32\VERSION.dll
0x00007ffe87870000 - 0x00007ffe87888000 	C:\WINDOWS\SYSTEM32\kernel.appcore.dll
0x00007ffe83bd0000 - 0x00007ffe83be0000 	C:\Program Files\Microsoft\jdk-11.0.16.101-hotspot\bin\verify.dll
0x00007ffe86070000 - 0x00007ffe862a3000 	C:\WINDOWS\SYSTEM32\DBGHELP.DLL
0x00007ffe8a8e0000 - 0x00007ffe8ac69000 	C:\WINDOWS\System32\combase.dll
0x00007ffe8a180000 - 0x00007ffe8a257000 	C:\WINDOWS\System32\OLEAUT32.dll
0x00007ffe69d10000 - 0x00007ffe69d42000 	C:\WINDOWS\SYSTEM32\dbgcore.DLL
0x00007ffe88980000 - 0x00007ffe889fa000 	C:\WINDOWS\System32\bcryptPrimitives.dll
0x00007ffe545f0000 - 0x00007ffe54618000 	C:\Program Files\Microsoft\jdk-11.0.16.101-hotspot\bin\java.dll
0x00007ffe708e0000 - 0x00007ffe708ea000 	C:\Program Files\Microsoft\jdk-11.0.16.101-hotspot\bin\jimage.dll
0x00007ffe54e90000 - 0x00007ffe54ea8000 	C:\Program Files\Microsoft\jdk-11.0.16.101-hotspot\bin\zip.dll
0x00007ffe89560000 - 0x00007ffe89dba000 	C:\WINDOWS\System32\SHELL32.dll
0x00007ffe866a0000 - 0x00007ffe86f96000 	C:\WINDOWS\SYSTEM32\windows.storage.dll
0x00007ffe86560000 - 0x00007ffe8669e000 	C:\WINDOWS\SYSTEM32\wintypes.dll
0x00007ffe8a340000 - 0x00007ffe8a433000 	C:\WINDOWS\System32\SHCORE.dll
0x00007ffe8ac70000 - 0x00007ffe8acce000 	C:\WINDOWS\System32\shlwapi.dll
0x00007ffe886f0000 - 0x00007ffe88716000 	C:\WINDOWS\SYSTEM32\profapi.dll
0x00007ffe51ed0000 - 0x00007ffe51ee9000 	C:\Program Files\Microsoft\jdk-11.0.16.101-hotspot\bin\net.dll
0x00007ffe81010000 - 0x00007ffe81147000 	C:\WINDOWS\SYSTEM32\WINHTTP.dll
0x00007ffe87d10000 - 0x00007ffe87d79000 	C:\WINDOWS\system32\mswsock.dll
0x00007ffe50f50000 - 0x00007ffe50f63000 	C:\Program Files\Microsoft\jdk-11.0.16.101-hotspot\bin\nio.dll

dbghelp: loaded successfully - version: 4.0.5 - missing functions: none
symbol engine: initialized successfully - sym options: 0x614 - pdb path: .;C:\Program Files\Microsoft\jdk-11.0.16.101-hotspot\bin;C:\WINDOWS\SYSTEM32;C:\WINDOWS\WinSxS\amd64_microsoft.windows.common-controls_6595b64144ccf1df_6.0.22621.2506_none_270c5ae97388e100;C:\Program Files\Microsoft\jdk-11.0.16.101-hotspot\bin\server

VM Arguments:
jvm_args: -Dapplication.home=C:\Program Files\Microsoft\jdk-11.0.16.101-hotspot --add-modules=ALL-DEFAULT -Xms8m -Dfile.encoding=UTF8 -Djdk.module.main=jdk.compiler 
java_command: jdk.compiler/com.sun.tools.javac.Main @C:\Users\user\AppData\Local\Temp\tmpBAA7.tmp -target 1.8 -source 1.8
java_class_path (initial): <not set>
Launcher Type: SUN_STANDARD

[Global flags]
     intx CICompilerCount                          = 3                                         {product} {ergonomic}
     uint ConcGCThreads                            = 1                                         {product} {ergonomic}
     uint G1ConcRefinementThreads                  = 4                                         {product} {ergonomic}
   size_t G1HeapRegionSize                         = 1048576                                   {product} {ergonomic}
    uintx GCDrainStackTargetSize                   = 64                                        {product} {ergonomic}
   size_t InitialHeapSize                          = 8388608                                   {product} {command line}
   size_t MarkStackSize                            = 4194304                                   {product} {ergonomic}
   size_t MaxHeapSize                              = 2113929216                                {product} {ergonomic}
   size_t MaxNewSize                               = 1267728384                                {product} {ergonomic}
   size_t MinHeapDeltaBytes                        = 1048576                                   {product} {ergonomic}
    uintx NonNMethodCodeHeapSize                   = 5830732                                {pd product} {ergonomic}
    uintx NonProfiledCodeHeapSize                  = 122913754                              {pd product} {ergonomic}
    uintx ProfiledCodeHeapSize                     = 122913754                              {pd product} {ergonomic}
    uintx ReservedCodeCacheSize                    = 251658240                              {pd product} {ergonomic}
     bool SegmentedCodeCache                       = true                                      {product} {ergonomic}
     bool UseCompressedClassPointers               = true                                 {lp64_product} {ergonomic}
     bool UseCompressedOops                        = true                                 {lp64_product} {ergonomic}
     bool UseG1GC                                  = true                                      {product} {ergonomic}
     bool UseLargePagesIndividualAllocation        = false                                  {pd product} {ergonomic}

Logging:
Log output configuration:
 #0: stdout all=warning uptime,level,tags
 #1: stderr all=off uptime,level,tags

Environment Variables:
PATH=C:\Program Files (x86)\Common Files\Oracle\Java\javapath;C:\Program Files\Microsoft\jdk-11.0.16.101-hotspot\bin;C:\WINDOWS\system32;C:\WINDOWS;C:\WINDOWS\System32\Wbem;C:\WINDOWS\System32\WindowsPowerShell\v1.0\;C:\WINDOWS\System32\OpenSSH\;C:\Program Files\PuTTY\;D:\xampp\php;D:\xampp7.4\php;C:\ProgramData\chocolatey\bin;D:\wamp64\bin\php\php-7.0.1;C:\ProgramData\ComposerSetup\bin;C:\Program Files\nodejs\;C:\Program Files (x86)\Microsoft SQL Server\160\Tools\Binn\;C:\Program Files\Microsoft SQL Server\160\Tools\Binn\;C:\Program Files\Microsoft SQL Server\Client SDK\ODBC\170\Tools\Binn\;C:\Program Files\Microsoft SQL Server\160\DTS\Binn\;C:\Program Files\Git\cmd;C:\xampp\php;C:\Program Files\Microsoft SQL Server\150\Tools\Binn\;C:\Program Files\dotnet\;C:\Program Files\Java\jre-8u172-windows-x64;C:\Users\user\AppData\Local\Microsoft\WindowsApps;C:\Users\user\AppData\Roaming\Composer\vendor\bin;C:\Users\user\AppData\Local\Programs\Microsoft VS Code\bin;C:\Users\user\.dotnet\tools;C:\Program Files\Java\jre-8u172-windows-x64;
USERNAME=user
OS=Windows_NT
PROCESSOR_IDENTIFIER=Intel64 Family 6 Model 142 Stepping 10, GenuineIntel
TMP=C:\Users\user\AppData\Local\Temp
TEMP=C:\Users\user\AppData\Local\Temp



---------------  S Y S T E M  ---------------

OS: Windows 11 , 64 bit Build 22621 (10.0.22621.2506)
OS uptime: 0 days 6:32 hours
Hyper-V role detected

CPU:total 4 (initial active 4) (2 cores per cpu, 2 threads per core) family 6 model 142 stepping 10 microcode 0xf0, cmov, cx8, fxsr, mmx, sse, sse2, sse3, ssse3, sse4.1, sse4.2, popcnt, aes, clmul, erms, 3dnowpref, lzcnt, ht, tsc, tscinvbit

Memory: 4k page, system-wide physical 8060M (479M free)
TotalPageFile size 18301M (AvailPageFile size 5M)
current process WorkingSet (physical memory assigned to process): 157M, peak: 157M
current process commit charge ("private bytes"): 205M, peak: 205M

vm_info: OpenJDK 64-Bit Server VM (11.0.16.1+1-LTS) for windows-amd64 JRE (11.0.16.1+1-LTS), built on Aug 20 2022 20:09:04 by "" with MS VC++ 15.9 (VS2017)

END.
