#
# There is insufficient memory for the Java Runtime Environment to continue.
# Native memory allocation (mmap) failed to map 132120576 bytes for Failed to commit area from 0x0000000082000000 to 0x0000000089e00000 of length 132120576.
# Possible reasons:
#   The system is out of physical RAM or swap space
#   The process is running with CompressedOops enabled, and the Java Heap may be blocking the growth of the native heap
# Possible solutions:
#   Reduce memory load on the system
#   Increase physical memory or swap space
#   Check if swap backing store is full
#   Decrease Java heap size (-Xmx/-Xms)
#   Decrease number of Java threads
#   Decrease Java thread stack sizes (-Xss)
#   Set larger code cache with -XX:ReservedCodeCacheSize=
# This output file may be truncated or incomplete.
#
#  Out of Memory Error (./src/hotspot/os/windows/os_windows.cpp:3386), pid=1500, tid=5688
#
# JRE version:  (11.0.16.1+1) (build )
# Java VM: OpenJDK 64-Bit Server VM (11.0.16.1+1-LTS, mixed mode, sharing, tiered, compressed oops, g1 gc, windows-amd64)
# No core dump will be written. Minidumps are not enabled by default on client versions of Windows
#

---------------  S U M M A R Y ------------

Command Line: com.xamarin.manifestmerger.Main obj\Release\110\android\manifestmerger.rsp

Host: Intel(R) Pentium(R) CPU 4417U @ 2.30GHz, 4 cores, 7G,  Windows 11 , 64 bit Build 22621 (10.0.22621.2506)
Time: Tue Jan  9 03:15:46 2024 India Standard Time elapsed time: 0.343800 seconds (0d 0h 0m 0s)

---------------  T H R E A D  ---------------

Current thread (0x0000023623b25800):  JavaThread "Unknown thread" [_thread_in_vm, id=5688, stack(0x0000003954c00000,0x0000003954d00000)]

Stack: [0x0000003954c00000,0x0000003954d00000]
Native frames: (J=compiled Java code, j=interpreted, Vv=VM code, C=native code)
V  [jvm.dll+0x62652a]
V  [jvm.dll+0x7b3249]
V  [jvm.dll+0x7b4938]
V  [jvm.dll+0x7b5013]
V  [jvm.dll+0x24fca8]
V  [jvm.dll+0x62383a]
V  [jvm.dll+0x617fe5]
V  [jvm.dll+0x307bac]
V  [jvm.dll+0x307a32]
V  [jvm.dll+0x30c746]
V  [jvm.dll+0x352b9f]
V  [jvm.dll+0x3525d0]
V  [jvm.dll+0x2e4ba8]
V  [jvm.dll+0x2e5d06]
V  [jvm.dll+0x78d097]
V  [jvm.dll+0x78e81f]
V  [jvm.dll+0x35f8e9]
V  [jvm.dll+0x770000]
V  [jvm.dll+0x3cd40f]
V  [jvm.dll+0x3cf7a1]
C  [jli.dll+0x5207]
C  [ucrtbase.dll+0x29363]
C  [KERNEL32.DLL+0x1257d]
C  [ntdll.dll+0x5aa58]


---------------  P R O C E S S  ---------------

Threads class SMR info:
_java_thread_list=0x0000023621a838c0, length=0, elements={
}

Java Threads: ( => current thread )

Other Threads:
  0x0000023623b3e800 GCTaskThread "GC Thread#0" [stack: 0x0000003954d00000,0x0000003954e00000] [id=10260]
  0x0000023623b6f800 ConcurrentGCThread "G1 Main Marker" [stack: 0x0000003954e00000,0x0000003954f00000] [id=9420]
  0x0000023623b71800 ConcurrentGCThread "G1 Conc#0" [stack: 0x0000003954f00000,0x0000003955000000] [id=9412]

[error occurred during error reporting (printing all threads), id 0xc0000005, EXCEPTION_ACCESS_VIOLATION (0xc0000005) at pc=0x00007ffdb4cc4377]

VM state:not at safepoint (not fully initialized)

VM Mutex/Monitor currently owned by a thread:  ([mutex/lock_event])
[0x0000023623b22910] Heap_lock - owner thread: 0x0000023623b25800

Heap address: 0x0000000082000000, size: 2016 MB, Compressed Oops mode: Non-zero based: 0x0000000082000000
Narrow klass base: 0x0000000000000000, Narrow klass shift: 0

GC Heap History (0 events):
No events

Deoptimization events (0 events):
No events

Classes redefined (0 events):
No events

Internal exceptions (0 events):
No events

Events (1 events):
Event: 0.111 Loaded shared library C:\Program Files\Microsoft\jdk-11.0.16.101-hotspot\bin\zip.dll


Dynamic libraries:
0x00007ff6b04e0000 - 0x00007ff6b04ed000 	C:\Program Files\Microsoft\jdk-11.0.16.101-hotspot\bin\java.exe
0x00007ffe8b450000 - 0x00007ffe8b667000 	C:\WINDOWS\SYSTEM32\ntdll.dll
0x00007ffe89e70000 - 0x00007ffe89f34000 	C:\WINDOWS\System32\KERNEL32.DLL
0x00007ffe88a30000 - 0x00007ffe88dd6000 	C:\WINDOWS\System32\KERNELBASE.dll
0x00007ffe88860000 - 0x00007ffe88971000 	C:\WINDOWS\System32\ucrtbase.dll
0x00007ffe83bd0000 - 0x00007ffe83be7000 	C:\Program Files\Microsoft\jdk-11.0.16.101-hotspot\bin\jli.dll
0x00007ffe891a0000 - 0x00007ffe8934e000 	C:\WINDOWS\System32\USER32.dll
0x00007ffe88a00000 - 0x00007ffe88a26000 	C:\WINDOWS\System32\win32u.dll
0x00007ffe8b2f0000 - 0x00007ffe8b319000 	C:\WINDOWS\System32\GDI32.dll
0x00007ffe88de0000 - 0x00007ffe88ef8000 	C:\WINDOWS\System32\gdi32full.dll
0x00007ffe887c0000 - 0x00007ffe8885a000 	C:\WINDOWS\System32\msvcp_win.dll
0x00007ffe56db0000 - 0x00007ffe56dc5000 	C:\Program Files\Microsoft\jdk-11.0.16.101-hotspot\bin\VCRUNTIME140.dll
0x00007ffe715c0000 - 0x00007ffe71853000 	C:\WINDOWS\WinSxS\amd64_microsoft.windows.common-controls_6595b64144ccf1df_6.0.22621.2506_none_270c5ae97388e100\COMCTL32.dll
0x00007ffe8b360000 - 0x00007ffe8b407000 	C:\WINDOWS\System32\msvcrt.dll
0x00007ffe8b320000 - 0x00007ffe8b351000 	C:\WINDOWS\System32\IMM32.DLL
0x00007ffe43080000 - 0x00007ffe4311b000 	C:\Program Files\Microsoft\jdk-11.0.16.101-hotspot\bin\msvcp140.dll
0x00007ffdb49d0000 - 0x00007ffdb555a000 	C:\Program Files\Microsoft\jdk-11.0.16.101-hotspot\bin\server\jvm.dll
0x00007ffe893f0000 - 0x00007ffe894a1000 	C:\WINDOWS\System32\ADVAPI32.dll
0x00007ffe89dc0000 - 0x00007ffe89e65000 	C:\WINDOWS\System32\sechost.dll
0x00007ffe8a450000 - 0x00007ffe8a567000 	C:\WINDOWS\System32\RPCRT4.dll
0x00007ffe89540000 - 0x00007ffe89548000 	C:\WINDOWS\System32\PSAPI.DLL
0x00007ffe71300000 - 0x00007ffe71309000 	C:\WINDOWS\SYSTEM32\WSOCK32.dll
0x00007ffe89370000 - 0x00007ffe893e1000 	C:\WINDOWS\System32\WS2_32.dll
0x00007ffe80de0000 - 0x00007ffe80e14000 	C:\WINDOWS\SYSTEM32\WINMM.dll
0x00007ffe80ce0000 - 0x00007ffe80cea000 	C:\WINDOWS\SYSTEM32\VERSION.dll
0x00007ffe87870000 - 0x00007ffe87888000 	C:\WINDOWS\SYSTEM32\kernel.appcore.dll
0x00007ffe708e0000 - 0x00007ffe708f0000 	C:\Program Files\Microsoft\jdk-11.0.16.101-hotspot\bin\verify.dll
0x00007ffe86070000 - 0x00007ffe862a3000 	C:\WINDOWS\SYSTEM32\DBGHELP.DLL
0x00007ffe8a8e0000 - 0x00007ffe8ac69000 	C:\WINDOWS\System32\combase.dll
0x00007ffe8a180000 - 0x00007ffe8a257000 	C:\WINDOWS\System32\OLEAUT32.dll
0x00007ffe69d10000 - 0x00007ffe69d42000 	C:\WINDOWS\SYSTEM32\dbgcore.DLL
0x00007ffe88980000 - 0x00007ffe889fa000 	C:\WINDOWS\System32\bcryptPrimitives.dll
0x00007ffe46ff0000 - 0x00007ffe47018000 	C:\Program Files\Microsoft\jdk-11.0.16.101-hotspot\bin\java.dll
0x00007ffe630a0000 - 0x00007ffe630aa000 	C:\Program Files\Microsoft\jdk-11.0.16.101-hotspot\bin\jimage.dll
0x00007ffe54e90000 - 0x00007ffe54ea8000 	C:\Program Files\Microsoft\jdk-11.0.16.101-hotspot\bin\zip.dll

dbghelp: loaded successfully - version: 4.0.5 - missing functions: none
symbol engine: initialized successfully - sym options: 0x614 - pdb path: .;C:\Program Files\Microsoft\jdk-11.0.16.101-hotspot\bin;C:\WINDOWS\SYSTEM32;C:\WINDOWS\WinSxS\amd64_microsoft.windows.common-controls_6595b64144ccf1df_6.0.22621.2506_none_270c5ae97388e100;C:\Program Files\Microsoft\jdk-11.0.16.101-hotspot\bin\server

VM Arguments:
java_command: com.xamarin.manifestmerger.Main obj\Release\110\android\manifestmerger.rsp
java_class_path (initial): C:\Program Files\Microsoft Visual Studio\2022\Community\MSBuild\Xamarin\Android\manifestmerger.jar
Launcher Type: SUN_STANDARD

[Global flags]
     intx CICompilerCount                          = 3                                         {product} {ergonomic}
     uint ConcGCThreads                            = 1                                         {product} {ergonomic}
     uint G1ConcRefinementThreads                  = 4                                         {product} {ergonomic}
   size_t G1HeapRegionSize                         = 1048576                                   {product} {ergonomic}
    uintx GCDrainStackTargetSize                   = 64                                        {product} {ergonomic}
   size_t InitialHeapSize                          = 132120576                                 {product} {ergonomic}
   size_t MarkStackSize                            = 4194304                                   {product} {ergonomic}
   size_t MaxHeapSize                              = 2113929216                                {product} {ergonomic}
   size_t MinHeapDeltaBytes                        = 1048576                                   {product} {ergonomic}
    uintx NonNMethodCodeHeapSize                   = 5830732                                {pd product} {ergonomic}
    uintx NonProfiledCodeHeapSize                  = 122913754                              {pd product} {ergonomic}
    uintx ProfiledCodeHeapSize                     = 122913754                              {pd product} {ergonomic}
    uintx ReservedCodeCacheSize                    = 251658240                              {pd product} {ergonomic}
     bool SegmentedCodeCache                       = true                                      {product} {ergonomic}
     bool UseCompressedClassPointers               = true                                 {lp64_product} {ergonomic}
     bool UseCompressedOops                        = true                                 {lp64_product} {ergonomic}
     bool UseG1GC                                  = true                                      {product} {ergonomic}
     bool UseLargePagesIndividualAllocation        = false                                  {pd product} {ergonomic}

Logging:
Log output configuration:
 #0: stdout all=warning uptime,level,tags
 #1: stderr all=off uptime,level,tags

Environment Variables:
PATH=C:\Program Files (x86)\Common Files\Oracle\Java\javapath;C:\Program Files\Microsoft\jdk-11.0.16.101-hotspot\bin;C:\WINDOWS\system32;C:\WINDOWS;C:\WINDOWS\System32\Wbem;C:\WINDOWS\System32\WindowsPowerShell\v1.0\;C:\WINDOWS\System32\OpenSSH\;C:\Program Files\PuTTY\;D:\xampp\php;D:\xampp7.4\php;C:\ProgramData\chocolatey\bin;D:\wamp64\bin\php\php-7.0.1;C:\ProgramData\ComposerSetup\bin;C:\Program Files\nodejs\;C:\Program Files (x86)\Microsoft SQL Server\160\Tools\Binn\;C:\Program Files\Microsoft SQL Server\160\Tools\Binn\;C:\Program Files\Microsoft SQL Server\Client SDK\ODBC\170\Tools\Binn\;C:\Program Files\Microsoft SQL Server\160\DTS\Binn\;C:\Program Files\Git\cmd;C:\xampp\php;C:\Program Files\Microsoft SQL Server\150\Tools\Binn\;C:\Program Files\dotnet\;C:\Program Files\Java\jre-8u172-windows-x64;C:\Users\user\AppData\Local\Microsoft\WindowsApps;C:\Users\user\AppData\Roaming\Composer\vendor\bin;C:\Users\user\AppData\Local\Programs\Microsoft VS Code\bin;C:\Users\user\.dotnet\tools;C:\Program Files\Java\jre-8u172-windows-x64;
USERNAME=user
OS=Windows_NT
PROCESSOR_IDENTIFIER=Intel64 Family 6 Model 142 Stepping 10, GenuineIntel
TMP=C:\Users\user\AppData\Local\Temp
TEMP=C:\Users\user\AppData\Local\Temp



---------------  S Y S T E M  ---------------

OS: Windows 11 , 64 bit Build 22621 (10.0.22621.2506)
OS uptime: 0 days 5:48 hours
Hyper-V role detected

CPU:total 4 (initial active 4) (2 cores per cpu, 2 threads per core) family 6 model 142 stepping 10 microcode 0xf0, cmov, cx8, fxsr, mmx, sse, sse2, sse3, ssse3, sse4.1, sse4.2, popcnt, aes, clmul, erms, 3dnowpref, lzcnt, ht, tsc, tscinvbit

Memory: 4k page, system-wide physical 8060M (670M free)
TotalPageFile size 18301M (AvailPageFile size 481M)
current process WorkingSet (physical memory assigned to process): 10M, peak: 10M
current process commit charge ("private bytes"): 51M, peak: 177M

vm_info: OpenJDK 64-Bit Server VM (11.0.16.1+1-LTS) for windows-amd64 JRE (11.0.16.1+1-LTS), built on Aug 20 2022 20:09:04 by "" with MS VC++ 15.9 (VS2017)

END.
